<?xml version="1.0" encoding="UTF-8"?>
<testsuite xmlns:xsi="http://www.w3.org/2001/XMLSchema-instance" xsi:noNamespaceSchemaLocation="https://maven.apache.org/surefire/maven-surefire-plugin/xsd/surefire-test-report.xsd" name="TestSuite" time="11.545" tests="1" errors="0" skipped="0" failures="0">
  <properties>
    <property name="java.specification.version" value="17"/>
    <property name="sun.jnu.encoding" value="UTF-8"/>
    <property name="java.class.path" value="/Users/nacer-zimu/IdeaProjects/eat-mai22-web-automation-framework/target/test-classes:/Users/nacer-zimu/IdeaProjects/eat-mai22-web-automation-framework/target/classes:/Users/nacer-zimu/.m2/repository/org/testng/testng/6.14.3/testng-6.14.3.jar:/Users/nacer-zimu/.m2/repository/com/beust/jcommander/1.72/jcommander-1.72.jar:/Users/nacer-zimu/.m2/repository/org/apache-extras/beanshell/bsh/2.0b6/bsh-2.0b6.jar:/Users/nacer-zimu/.m2/repository/org/seleniumhq/selenium/selenium-java/4.2.1/selenium-java-4.2.1.jar:/Users/nacer-zimu/.m2/repository/org/seleniumhq/selenium/selenium-api/4.2.1/selenium-api-4.2.1.jar:/Users/nacer-zimu/.m2/repository/org/seleniumhq/selenium/selenium-chrome-driver/4.2.1/selenium-chrome-driver-4.2.1.jar:/Users/nacer-zimu/.m2/repository/com/google/auto/service/auto-service-annotations/1.0.1/auto-service-annotations-1.0.1.jar:/Users/nacer-zimu/.m2/repository/com/google/auto/service/auto-service/1.0.1/auto-service-1.0.1.jar:/Users/nacer-zimu/.m2/repository/com/google/auto/auto-common/1.2/auto-common-1.2.jar:/Users/nacer-zimu/.m2/repository/com/google/guava/guava/31.1-jre/guava-31.1-jre.jar:/Users/nacer-zimu/.m2/repository/com/google/guava/failureaccess/1.0.1/failureaccess-1.0.1.jar:/Users/nacer-zimu/.m2/repository/com/google/guava/listenablefuture/9999.0-empty-to-avoid-conflict-with-guava/listenablefuture-9999.0-empty-to-avoid-conflict-with-guava.jar:/Users/nacer-zimu/.m2/repository/com/google/code/findbugs/jsr305/3.0.2/jsr305-3.0.2.jar:/Users/nacer-zimu/.m2/repository/org/checkerframework/checker-qual/3.12.0/checker-qual-3.12.0.jar:/Users/nacer-zimu/.m2/repository/com/google/errorprone/error_prone_annotations/2.11.0/error_prone_annotations-2.11.0.jar:/Users/nacer-zimu/.m2/repository/com/google/j2objc/j2objc-annotations/1.3/j2objc-annotations-1.3.jar:/Users/nacer-zimu/.m2/repository/org/seleniumhq/selenium/selenium-chromium-driver/4.2.1/selenium-chromium-driver-4.2.1.jar:/Users/nacer-zimu/.m2/repository/org/seleniumhq/selenium/selenium-json/4.2.1/selenium-json-4.2.1.jar:/Users/nacer-zimu/.m2/repository/org/seleniumhq/selenium/selenium-devtools-v100/4.2.1/selenium-devtools-v100-4.2.1.jar:/Users/nacer-zimu/.m2/repository/org/seleniumhq/selenium/selenium-devtools-v101/4.2.1/selenium-devtools-v101-4.2.1.jar:/Users/nacer-zimu/.m2/repository/org/seleniumhq/selenium/selenium-devtools-v102/4.2.1/selenium-devtools-v102-4.2.1.jar:/Users/nacer-zimu/.m2/repository/org/seleniumhq/selenium/selenium-devtools-v85/4.2.1/selenium-devtools-v85-4.2.1.jar:/Users/nacer-zimu/.m2/repository/org/seleniumhq/selenium/selenium-edge-driver/4.2.1/selenium-edge-driver-4.2.1.jar:/Users/nacer-zimu/.m2/repository/org/seleniumhq/selenium/selenium-firefox-driver/4.2.1/selenium-firefox-driver-4.2.1.jar:/Users/nacer-zimu/.m2/repository/org/seleniumhq/selenium/selenium-ie-driver/4.2.1/selenium-ie-driver-4.2.1.jar:/Users/nacer-zimu/.m2/repository/org/seleniumhq/selenium/selenium-opera-driver/4.2.1/selenium-opera-driver-4.2.1.jar:/Users/nacer-zimu/.m2/repository/org/seleniumhq/selenium/selenium-remote-driver/4.2.1/selenium-remote-driver-4.2.1.jar:/Users/nacer-zimu/.m2/repository/io/netty/netty-buffer/4.1.77.Final/netty-buffer-4.1.77.Final.jar:/Users/nacer-zimu/.m2/repository/io/netty/netty-codec-http/4.1.77.Final/netty-codec-http-4.1.77.Final.jar:/Users/nacer-zimu/.m2/repository/io/netty/netty-codec/4.1.77.Final/netty-codec-4.1.77.Final.jar:/Users/nacer-zimu/.m2/repository/io/netty/netty-handler/4.1.77.Final/netty-handler-4.1.77.Final.jar:/Users/nacer-zimu/.m2/repository/io/netty/netty-common/4.1.77.Final/netty-common-4.1.77.Final.jar:/Users/nacer-zimu/.m2/repository/io/netty/netty-transport-classes-epoll/4.1.77.Final/netty-transport-classes-epoll-4.1.77.Final.jar:/Users/nacer-zimu/.m2/repository/io/netty/netty-transport-classes-kqueue/4.1.77.Final/netty-transport-classes-kqueue-4.1.77.Final.jar:/Users/nacer-zimu/.m2/repository/io/netty/netty-transport-native-epoll/4.1.77.Final/netty-transport-native-epoll-4.1.77.Final.jar:/Users/nacer-zimu/.m2/repository/io/netty/netty-transport-native-kqueue/4.1.77.Final/netty-transport-native-kqueue-4.1.77.Final.jar:/Users/nacer-zimu/.m2/repository/io/netty/netty-transport-native-unix-common/4.1.77.Final/netty-transport-native-unix-common-4.1.77.Final.jar:/Users/nacer-zimu/.m2/repository/io/netty/netty-transport/4.1.77.Final/netty-transport-4.1.77.Final.jar:/Users/nacer-zimu/.m2/repository/io/netty/netty-resolver/4.1.77.Final/netty-resolver-4.1.77.Final.jar:/Users/nacer-zimu/.m2/repository/io/opentelemetry/opentelemetry-api/1.14.0/opentelemetry-api-1.14.0.jar:/Users/nacer-zimu/.m2/repository/io/opentelemetry/opentelemetry-context/1.14.0/opentelemetry-context-1.14.0.jar:/Users/nacer-zimu/.m2/repository/io/opentelemetry/opentelemetry-exporter-logging/1.14.0/opentelemetry-exporter-logging-1.14.0.jar:/Users/nacer-zimu/.m2/repository/io/opentelemetry/opentelemetry-sdk-metrics/1.14.0/opentelemetry-sdk-metrics-1.14.0.jar:/Users/nacer-zimu/.m2/repository/io/opentelemetry/opentelemetry-sdk-logs/1.14.0-alpha/opentelemetry-sdk-logs-1.14.0-alpha.jar:/Users/nacer-zimu/.m2/repository/io/opentelemetry/opentelemetry-sdk-common/1.14.0/opentelemetry-sdk-common-1.14.0.jar:/Users/nacer-zimu/.m2/repository/io/opentelemetry/opentelemetry-sdk-extension-autoconfigure-spi/1.14.0/opentelemetry-sdk-extension-autoconfigure-spi-1.14.0.jar:/Users/nacer-zimu/.m2/repository/io/opentelemetry/opentelemetry-sdk-extension-autoconfigure/1.14.0-alpha/opentelemetry-sdk-extension-autoconfigure-1.14.0-alpha.jar:/Users/nacer-zimu/.m2/repository/io/opentelemetry/opentelemetry-sdk-trace/1.14.0/opentelemetry-sdk-trace-1.14.0.jar:/Users/nacer-zimu/.m2/repository/io/opentelemetry/opentelemetry-sdk/1.14.0/opentelemetry-sdk-1.14.0.jar:/Users/nacer-zimu/.m2/repository/io/opentelemetry/opentelemetry-semconv/1.14.0-alpha/opentelemetry-semconv-1.14.0-alpha.jar:/Users/nacer-zimu/.m2/repository/io/ous/jtoml/2.0.0/jtoml-2.0.0.jar:/Users/nacer-zimu/.m2/repository/net/bytebuddy/byte-buddy/1.12.10/byte-buddy-1.12.10.jar:/Users/nacer-zimu/.m2/repository/org/apache/commons/commons-exec/1.3/commons-exec-1.3.jar:/Users/nacer-zimu/.m2/repository/org/asynchttpclient/async-http-client/2.12.3/async-http-client-2.12.3.jar:/Users/nacer-zimu/.m2/repository/org/asynchttpclient/async-http-client-netty-utils/2.12.3/async-http-client-netty-utils-2.12.3.jar:/Users/nacer-zimu/.m2/repository/io/netty/netty-codec-socks/4.1.60.Final/netty-codec-socks-4.1.60.Final.jar:/Users/nacer-zimu/.m2/repository/io/netty/netty-handler-proxy/4.1.60.Final/netty-handler-proxy-4.1.60.Final.jar:/Users/nacer-zimu/.m2/repository/io/netty/netty-transport-native-epoll/4.1.60.Final/netty-transport-native-epoll-4.1.60.Final-linux-x86_64.jar:/Users/nacer-zimu/.m2/repository/io/netty/netty-transport-native-kqueue/4.1.60.Final/netty-transport-native-kqueue-4.1.60.Final-osx-x86_64.jar:/Users/nacer-zimu/.m2/repository/org/reactivestreams/reactive-streams/1.0.3/reactive-streams-1.0.3.jar:/Users/nacer-zimu/.m2/repository/com/typesafe/netty/netty-reactive-streams/2.0.4/netty-reactive-streams-2.0.4.jar:/Users/nacer-zimu/.m2/repository/org/slf4j/slf4j-api/1.7.30/slf4j-api-1.7.30.jar:/Users/nacer-zimu/.m2/repository/com/sun/activation/jakarta.activation/1.2.2/jakarta.activation-1.2.2.jar:/Users/nacer-zimu/.m2/repository/org/seleniumhq/selenium/selenium-http/4.2.1/selenium-http-4.2.1.jar:/Users/nacer-zimu/.m2/repository/dev/failsafe/failsafe/3.2.4/failsafe-3.2.4.jar:/Users/nacer-zimu/.m2/repository/org/seleniumhq/selenium/selenium-safari-driver/4.2.1/selenium-safari-driver-4.2.1.jar:/Users/nacer-zimu/.m2/repository/org/seleniumhq/selenium/selenium-support/4.2.1/selenium-support-4.2.1.jar:/Users/nacer-zimu/.m2/repository/org/seleniumhq/selenium/selenium-server/4.0.0-alpha-2/selenium-server-4.0.0-alpha-2.jar:/Users/nacer-zimu/.m2/repository/org/seleniumhq/selenium/grid/4.0.0-alpha-2/grid-4.0.0-alpha-2.jar:/Users/nacer-zimu/.m2/repository/org/seleniumhq/selenium/selenium-edgehtml-driver/4.0.0-alpha-2/selenium-edgehtml-driver-4.0.0-alpha-2.jar:/Users/nacer-zimu/.m2/repository/org/seleniumhq/selenium/jetty-repacked/9.4.12.v20180830.1/jetty-repacked-9.4.12.v20180830.1.jar:/Users/nacer-zimu/.m2/repository/javax/servlet/javax.servlet-api/3.1.0/javax.servlet-api-3.1.0.jar:/Users/nacer-zimu/.m2/repository/org/zeromq/jeromq/0.5.1/jeromq-0.5.1.jar:/Users/nacer-zimu/.m2/repository/eu/neilalexander/jnacl/1.0.0/jnacl-1.0.0.jar:/Users/nacer-zimu/.m2/repository/net/jcip/jcip-annotations/1.0/jcip-annotations-1.0.jar:/Users/nacer-zimu/.m2/repository/org/yaml/snakeyaml/1.24/snakeyaml-1.24.jar:/Users/nacer-zimu/.m2/repository/com/relevantcodes/extentreports/2.41.2/extentreports-2.41.2.jar:/Users/nacer-zimu/.m2/repository/org/jsoup/jsoup/1.8.3/jsoup-1.8.3.jar:/Users/nacer-zimu/.m2/repository/org/xerial/sqlite-jdbc/3.8.11.1/sqlite-jdbc-3.8.11.1.jar:/Users/nacer-zimu/.m2/repository/org/freemarker/freemarker/2.3.23/freemarker-2.3.23.jar:/Users/nacer-zimu/.m2/repository/org/mongodb/mongodb-driver/3.0.4/mongodb-driver-3.0.4.jar:/Users/nacer-zimu/.m2/repository/org/mongodb/bson/3.0.4/bson-3.0.4.jar:/Users/nacer-zimu/.m2/repository/org/mongodb/mongodb-driver-core/3.0.4/mongodb-driver-core-3.0.4.jar:/Users/nacer-zimu/.m2/repository/org/apache/commons/commons-lang3/3.12.0/commons-lang3-3.12.0.jar:/Users/nacer-zimu/.m2/repository/org/apache/poi/poi-ooxml/5.2.2/poi-ooxml-5.2.2.jar:/Users/nacer-zimu/.m2/repository/org/apache/poi/poi/5.2.2/poi-5.2.2.jar:/Users/nacer-zimu/.m2/repository/commons-codec/commons-codec/1.15/commons-codec-1.15.jar:/Users/nacer-zimu/.m2/repository/org/apache/commons/commons-math3/3.6.1/commons-math3-3.6.1.jar:/Users/nacer-zimu/.m2/repository/com/zaxxer/SparseBitSet/1.2/SparseBitSet-1.2.jar:/Users/nacer-zimu/.m2/repository/org/apache/poi/poi-ooxml-lite/5.2.2/poi-ooxml-lite-5.2.2.jar:/Users/nacer-zimu/.m2/repository/org/apache/xmlbeans/xmlbeans/5.0.3/xmlbeans-5.0.3.jar:/Users/nacer-zimu/.m2/repository/org/apache/commons/commons-compress/1.21/commons-compress-1.21.jar:/Users/nacer-zimu/.m2/repository/commons-io/commons-io/2.11.0/commons-io-2.11.0.jar:/Users/nacer-zimu/.m2/repository/com/github/virtuald/curvesapi/1.07/curvesapi-1.07.jar:/Users/nacer-zimu/.m2/repository/org/apache/commons/commons-collections4/4.4/commons-collections4-4.4.jar:/Users/nacer-zimu/.m2/repository/mysql/mysql-connector-java/8.0.29/mysql-connector-java-8.0.29.jar:/Users/nacer-zimu/.m2/repository/com/google/protobuf/protobuf-java/3.19.4/protobuf-java-3.19.4.jar:/Users/nacer-zimu/.m2/repository/org/apache/logging/log4j/log4j-core/2.17.2/log4j-core-2.17.2.jar:/Users/nacer-zimu/.m2/repository/org/apache/logging/log4j/log4j-api/2.17.2/log4j-api-2.17.2.jar:"/>
    <property name="java.vm.vendor" value="Homebrew"/>
    <property name="sun.arch.data.model" value="64"/>
    <property name="java.vendor.url" value="https://github.com/Homebrew/homebrew-core/issues"/>
    <property name="os.name" value="Mac OS X"/>
    <property name="java.vm.specification.version" value="17"/>
    <property name="sun.java.launcher" value="SUN_STANDARD"/>
    <property name="user.country" value="US"/>
    <property name="sun.boot.library.path" value="/usr/local/Cellar/openjdk/17.0.1/libexec/openjdk.jdk/Contents/Home/lib"/>
    <property name="sun.java.command" value="/Users/nacer-zimu/IdeaProjects/eat-mai22-web-automation-framework/target/surefire/surefirebooter8816143221988360749.jar /Users/nacer-zimu/IdeaProjects/eat-mai22-web-automation-framework/target/surefire 2022-06-23T18-25-56_031-jvmRun1 surefire187160642009547748tmp surefire_06503711799292285737tmp"/>
    <property name="http.nonProxyHosts" value="local|*.local|169.254/16|*.169.254/16"/>
    <property name="jdk.debug" value="release"/>
    <property name="surefire.test.class.path" value="/Users/nacer-zimu/IdeaProjects/eat-mai22-web-automation-framework/target/test-classes:/Users/nacer-zimu/IdeaProjects/eat-mai22-web-automation-framework/target/classes:/Users/nacer-zimu/.m2/repository/org/testng/testng/6.14.3/testng-6.14.3.jar:/Users/nacer-zimu/.m2/repository/com/beust/jcommander/1.72/jcommander-1.72.jar:/Users/nacer-zimu/.m2/repository/org/apache-extras/beanshell/bsh/2.0b6/bsh-2.0b6.jar:/Users/nacer-zimu/.m2/repository/org/seleniumhq/selenium/selenium-java/4.2.1/selenium-java-4.2.1.jar:/Users/nacer-zimu/.m2/repository/org/seleniumhq/selenium/selenium-api/4.2.1/selenium-api-4.2.1.jar:/Users/nacer-zimu/.m2/repository/org/seleniumhq/selenium/selenium-chrome-driver/4.2.1/selenium-chrome-driver-4.2.1.jar:/Users/nacer-zimu/.m2/repository/com/google/auto/service/auto-service-annotations/1.0.1/auto-service-annotations-1.0.1.jar:/Users/nacer-zimu/.m2/repository/com/google/auto/service/auto-service/1.0.1/auto-service-1.0.1.jar:/Users/nacer-zimu/.m2/repository/com/google/auto/auto-common/1.2/auto-common-1.2.jar:/Users/nacer-zimu/.m2/repository/com/google/guava/guava/31.1-jre/guava-31.1-jre.jar:/Users/nacer-zimu/.m2/repository/com/google/guava/failureaccess/1.0.1/failureaccess-1.0.1.jar:/Users/nacer-zimu/.m2/repository/com/google/guava/listenablefuture/9999.0-empty-to-avoid-conflict-with-guava/listenablefuture-9999.0-empty-to-avoid-conflict-with-guava.jar:/Users/nacer-zimu/.m2/repository/com/google/code/findbugs/jsr305/3.0.2/jsr305-3.0.2.jar:/Users/nacer-zimu/.m2/repository/org/checkerframework/checker-qual/3.12.0/checker-qual-3.12.0.jar:/Users/nacer-zimu/.m2/repository/com/google/errorprone/error_prone_annotations/2.11.0/error_prone_annotations-2.11.0.jar:/Users/nacer-zimu/.m2/repository/com/google/j2objc/j2objc-annotations/1.3/j2objc-annotations-1.3.jar:/Users/nacer-zimu/.m2/repository/org/seleniumhq/selenium/selenium-chromium-driver/4.2.1/selenium-chromium-driver-4.2.1.jar:/Users/nacer-zimu/.m2/repository/org/seleniumhq/selenium/selenium-json/4.2.1/selenium-json-4.2.1.jar:/Users/nacer-zimu/.m2/repository/org/seleniumhq/selenium/selenium-devtools-v100/4.2.1/selenium-devtools-v100-4.2.1.jar:/Users/nacer-zimu/.m2/repository/org/seleniumhq/selenium/selenium-devtools-v101/4.2.1/selenium-devtools-v101-4.2.1.jar:/Users/nacer-zimu/.m2/repository/org/seleniumhq/selenium/selenium-devtools-v102/4.2.1/selenium-devtools-v102-4.2.1.jar:/Users/nacer-zimu/.m2/repository/org/seleniumhq/selenium/selenium-devtools-v85/4.2.1/selenium-devtools-v85-4.2.1.jar:/Users/nacer-zimu/.m2/repository/org/seleniumhq/selenium/selenium-edge-driver/4.2.1/selenium-edge-driver-4.2.1.jar:/Users/nacer-zimu/.m2/repository/org/seleniumhq/selenium/selenium-firefox-driver/4.2.1/selenium-firefox-driver-4.2.1.jar:/Users/nacer-zimu/.m2/repository/org/seleniumhq/selenium/selenium-ie-driver/4.2.1/selenium-ie-driver-4.2.1.jar:/Users/nacer-zimu/.m2/repository/org/seleniumhq/selenium/selenium-opera-driver/4.2.1/selenium-opera-driver-4.2.1.jar:/Users/nacer-zimu/.m2/repository/org/seleniumhq/selenium/selenium-remote-driver/4.2.1/selenium-remote-driver-4.2.1.jar:/Users/nacer-zimu/.m2/repository/io/netty/netty-buffer/4.1.77.Final/netty-buffer-4.1.77.Final.jar:/Users/nacer-zimu/.m2/repository/io/netty/netty-codec-http/4.1.77.Final/netty-codec-http-4.1.77.Final.jar:/Users/nacer-zimu/.m2/repository/io/netty/netty-codec/4.1.77.Final/netty-codec-4.1.77.Final.jar:/Users/nacer-zimu/.m2/repository/io/netty/netty-handler/4.1.77.Final/netty-handler-4.1.77.Final.jar:/Users/nacer-zimu/.m2/repository/io/netty/netty-common/4.1.77.Final/netty-common-4.1.77.Final.jar:/Users/nacer-zimu/.m2/repository/io/netty/netty-transport-classes-epoll/4.1.77.Final/netty-transport-classes-epoll-4.1.77.Final.jar:/Users/nacer-zimu/.m2/repository/io/netty/netty-transport-classes-kqueue/4.1.77.Final/netty-transport-classes-kqueue-4.1.77.Final.jar:/Users/nacer-zimu/.m2/repository/io/netty/netty-transport-native-epoll/4.1.77.Final/netty-transport-native-epoll-4.1.77.Final.jar:/Users/nacer-zimu/.m2/repository/io/netty/netty-transport-native-kqueue/4.1.77.Final/netty-transport-native-kqueue-4.1.77.Final.jar:/Users/nacer-zimu/.m2/repository/io/netty/netty-transport-native-unix-common/4.1.77.Final/netty-transport-native-unix-common-4.1.77.Final.jar:/Users/nacer-zimu/.m2/repository/io/netty/netty-transport/4.1.77.Final/netty-transport-4.1.77.Final.jar:/Users/nacer-zimu/.m2/repository/io/netty/netty-resolver/4.1.77.Final/netty-resolver-4.1.77.Final.jar:/Users/nacer-zimu/.m2/repository/io/opentelemetry/opentelemetry-api/1.14.0/opentelemetry-api-1.14.0.jar:/Users/nacer-zimu/.m2/repository/io/opentelemetry/opentelemetry-context/1.14.0/opentelemetry-context-1.14.0.jar:/Users/nacer-zimu/.m2/repository/io/opentelemetry/opentelemetry-exporter-logging/1.14.0/opentelemetry-exporter-logging-1.14.0.jar:/Users/nacer-zimu/.m2/repository/io/opentelemetry/opentelemetry-sdk-metrics/1.14.0/opentelemetry-sdk-metrics-1.14.0.jar:/Users/nacer-zimu/.m2/repository/io/opentelemetry/opentelemetry-sdk-logs/1.14.0-alpha/opentelemetry-sdk-logs-1.14.0-alpha.jar:/Users/nacer-zimu/.m2/repository/io/opentelemetry/opentelemetry-sdk-common/1.14.0/opentelemetry-sdk-common-1.14.0.jar:/Users/nacer-zimu/.m2/repository/io/opentelemetry/opentelemetry-sdk-extension-autoconfigure-spi/1.14.0/opentelemetry-sdk-extension-autoconfigure-spi-1.14.0.jar:/Users/nacer-zimu/.m2/repository/io/opentelemetry/opentelemetry-sdk-extension-autoconfigure/1.14.0-alpha/opentelemetry-sdk-extension-autoconfigure-1.14.0-alpha.jar:/Users/nacer-zimu/.m2/repository/io/opentelemetry/opentelemetry-sdk-trace/1.14.0/opentelemetry-sdk-trace-1.14.0.jar:/Users/nacer-zimu/.m2/repository/io/opentelemetry/opentelemetry-sdk/1.14.0/opentelemetry-sdk-1.14.0.jar:/Users/nacer-zimu/.m2/repository/io/opentelemetry/opentelemetry-semconv/1.14.0-alpha/opentelemetry-semconv-1.14.0-alpha.jar:/Users/nacer-zimu/.m2/repository/io/ous/jtoml/2.0.0/jtoml-2.0.0.jar:/Users/nacer-zimu/.m2/repository/net/bytebuddy/byte-buddy/1.12.10/byte-buddy-1.12.10.jar:/Users/nacer-zimu/.m2/repository/org/apache/commons/commons-exec/1.3/commons-exec-1.3.jar:/Users/nacer-zimu/.m2/repository/org/asynchttpclient/async-http-client/2.12.3/async-http-client-2.12.3.jar:/Users/nacer-zimu/.m2/repository/org/asynchttpclient/async-http-client-netty-utils/2.12.3/async-http-client-netty-utils-2.12.3.jar:/Users/nacer-zimu/.m2/repository/io/netty/netty-codec-socks/4.1.60.Final/netty-codec-socks-4.1.60.Final.jar:/Users/nacer-zimu/.m2/repository/io/netty/netty-handler-proxy/4.1.60.Final/netty-handler-proxy-4.1.60.Final.jar:/Users/nacer-zimu/.m2/repository/io/netty/netty-transport-native-epoll/4.1.60.Final/netty-transport-native-epoll-4.1.60.Final-linux-x86_64.jar:/Users/nacer-zimu/.m2/repository/io/netty/netty-transport-native-kqueue/4.1.60.Final/netty-transport-native-kqueue-4.1.60.Final-osx-x86_64.jar:/Users/nacer-zimu/.m2/repository/org/reactivestreams/reactive-streams/1.0.3/reactive-streams-1.0.3.jar:/Users/nacer-zimu/.m2/repository/com/typesafe/netty/netty-reactive-streams/2.0.4/netty-reactive-streams-2.0.4.jar:/Users/nacer-zimu/.m2/repository/org/slf4j/slf4j-api/1.7.30/slf4j-api-1.7.30.jar:/Users/nacer-zimu/.m2/repository/com/sun/activation/jakarta.activation/1.2.2/jakarta.activation-1.2.2.jar:/Users/nacer-zimu/.m2/repository/org/seleniumhq/selenium/selenium-http/4.2.1/selenium-http-4.2.1.jar:/Users/nacer-zimu/.m2/repository/dev/failsafe/failsafe/3.2.4/failsafe-3.2.4.jar:/Users/nacer-zimu/.m2/repository/org/seleniumhq/selenium/selenium-safari-driver/4.2.1/selenium-safari-driver-4.2.1.jar:/Users/nacer-zimu/.m2/repository/org/seleniumhq/selenium/selenium-support/4.2.1/selenium-support-4.2.1.jar:/Users/nacer-zimu/.m2/repository/org/seleniumhq/selenium/selenium-server/4.0.0-alpha-2/selenium-server-4.0.0-alpha-2.jar:/Users/nacer-zimu/.m2/repository/org/seleniumhq/selenium/grid/4.0.0-alpha-2/grid-4.0.0-alpha-2.jar:/Users/nacer-zimu/.m2/repository/org/seleniumhq/selenium/selenium-edgehtml-driver/4.0.0-alpha-2/selenium-edgehtml-driver-4.0.0-alpha-2.jar:/Users/nacer-zimu/.m2/repository/org/seleniumhq/selenium/jetty-repacked/9.4.12.v20180830.1/jetty-repacked-9.4.12.v20180830.1.jar:/Users/nacer-zimu/.m2/repository/javax/servlet/javax.servlet-api/3.1.0/javax.servlet-api-3.1.0.jar:/Users/nacer-zimu/.m2/repository/org/zeromq/jeromq/0.5.1/jeromq-0.5.1.jar:/Users/nacer-zimu/.m2/repository/eu/neilalexander/jnacl/1.0.0/jnacl-1.0.0.jar:/Users/nacer-zimu/.m2/repository/net/jcip/jcip-annotations/1.0/jcip-annotations-1.0.jar:/Users/nacer-zimu/.m2/repository/org/yaml/snakeyaml/1.24/snakeyaml-1.24.jar:/Users/nacer-zimu/.m2/repository/com/relevantcodes/extentreports/2.41.2/extentreports-2.41.2.jar:/Users/nacer-zimu/.m2/repository/org/jsoup/jsoup/1.8.3/jsoup-1.8.3.jar:/Users/nacer-zimu/.m2/repository/org/xerial/sqlite-jdbc/3.8.11.1/sqlite-jdbc-3.8.11.1.jar:/Users/nacer-zimu/.m2/repository/org/freemarker/freemarker/2.3.23/freemarker-2.3.23.jar:/Users/nacer-zimu/.m2/repository/org/mongodb/mongodb-driver/3.0.4/mongodb-driver-3.0.4.jar:/Users/nacer-zimu/.m2/repository/org/mongodb/bson/3.0.4/bson-3.0.4.jar:/Users/nacer-zimu/.m2/repository/org/mongodb/mongodb-driver-core/3.0.4/mongodb-driver-core-3.0.4.jar:/Users/nacer-zimu/.m2/repository/org/apache/commons/commons-lang3/3.12.0/commons-lang3-3.12.0.jar:/Users/nacer-zimu/.m2/repository/org/apache/poi/poi-ooxml/5.2.2/poi-ooxml-5.2.2.jar:/Users/nacer-zimu/.m2/repository/org/apache/poi/poi/5.2.2/poi-5.2.2.jar:/Users/nacer-zimu/.m2/repository/commons-codec/commons-codec/1.15/commons-codec-1.15.jar:/Users/nacer-zimu/.m2/repository/org/apache/commons/commons-math3/3.6.1/commons-math3-3.6.1.jar:/Users/nacer-zimu/.m2/repository/com/zaxxer/SparseBitSet/1.2/SparseBitSet-1.2.jar:/Users/nacer-zimu/.m2/repository/org/apache/poi/poi-ooxml-lite/5.2.2/poi-ooxml-lite-5.2.2.jar:/Users/nacer-zimu/.m2/repository/org/apache/xmlbeans/xmlbeans/5.0.3/xmlbeans-5.0.3.jar:/Users/nacer-zimu/.m2/repository/org/apache/commons/commons-compress/1.21/commons-compress-1.21.jar:/Users/nacer-zimu/.m2/repository/commons-io/commons-io/2.11.0/commons-io-2.11.0.jar:/Users/nacer-zimu/.m2/repository/com/github/virtuald/curvesapi/1.07/curvesapi-1.07.jar:/Users/nacer-zimu/.m2/repository/org/apache/commons/commons-collections4/4.4/commons-collections4-4.4.jar:/Users/nacer-zimu/.m2/repository/mysql/mysql-connector-java/8.0.29/mysql-connector-java-8.0.29.jar:/Users/nacer-zimu/.m2/repository/com/google/protobuf/protobuf-java/3.19.4/protobuf-java-3.19.4.jar:/Users/nacer-zimu/.m2/repository/org/apache/logging/log4j/log4j-core/2.17.2/log4j-core-2.17.2.jar:/Users/nacer-zimu/.m2/repository/org/apache/logging/log4j/log4j-api/2.17.2/log4j-api-2.17.2.jar:"/>
    <property name="sun.cpu.endian" value="little"/>
    <property name="user.home" value="/Users/nacer-zimu"/>
    <property name="user.language" value="en"/>
    <property name="java.specification.vendor" value="Oracle Corporation"/>
    <property name="java.version.date" value="2021-10-19"/>
    <property name="java.home" value="/usr/local/Cellar/openjdk/17.0.1/libexec/openjdk.jdk/Contents/Home"/>
    <property name="file.separator" value="/"/>
    <property name="basedir" value="/Users/nacer-zimu/IdeaProjects/eat-mai22-web-automation-framework"/>
    <property name="java.vm.compressedOopsMode" value="Zero based"/>
    <property name="line.separator" value="&#10;"/>
    <property name="java.specification.name" value="Java Platform API Specification"/>
    <property name="java.vm.specification.vendor" value="Oracle Corporation"/>
    <property name="surefire.real.class.path" value="/Users/nacer-zimu/IdeaProjects/eat-mai22-web-automation-framework/target/surefire/surefirebooter8816143221988360749.jar"/>
    <property name="sun.management.compiler" value="HotSpot 64-Bit Tiered Compilers"/>
    <property name="ftp.nonProxyHosts" value="local|*.local|169.254/16|*.169.254/16"/>
    <property name="java.runtime.version" value="17.0.1+0"/>
    <property name="user.name" value="nacer-zimu"/>
    <property name="path.separator" value=":"/>
    <property name="os.version" value="12.3.1"/>
    <property name="java.runtime.name" value="OpenJDK Runtime Environment"/>
    <property name="file.encoding" value="UTF-8"/>
    <property name="java.vm.name" value="OpenJDK 64-Bit Server VM"/>
    <property name="java.vendor.version" value="Homebrew"/>
    <property name="localRepository" value="/Users/nacer-zimu/.m2/repository"/>
    <property name="java.vendor.url.bug" value="https://github.com/Homebrew/homebrew-core/issues"/>
    <property name="java.io.tmpdir" value="/var/folders/84/j71cjxl51nbdxz6qgcdhn7qc0000gn/T/"/>
    <property name="java.version" value="17.0.1"/>
    <property name="user.dir" value="/Users/nacer-zimu/IdeaProjects/eat-mai22-web-automation-framework"/>
    <property name="os.arch" value="x86_64"/>
    <property name="java.vm.specification.name" value="Java Virtual Machine Specification"/>
    <property name="native.encoding" value="UTF-8"/>
    <property name="java.library.path" value="/Users/nacer-zimu/Library/Java/Extensions:/Library/Java/Extensions:/Network/Library/Java/Extensions:/System/Library/Java/Extensions:/usr/lib/java:."/>
    <property name="java.vm.info" value="mixed mode, sharing"/>
    <property name="java.vendor" value="Homebrew"/>
    <property name="java.vm.version" value="17.0.1+0"/>
    <property name="sun.io.unicode.encoding" value="UnicodeBig"/>
    <property name="socksNonProxyHosts" value="local|*.local|169.254/16|*.169.254/16"/>
    <property name="java.class.version" value="61.0"/>
  </properties>
  <testcase name="loginWithInvalidUsername" classname="com.saucedemo.LoginTest" time="1.822"/>
</testsuite>