<?xml version="1.0" encoding="UTF-8"?>
<!-- Generated by org.testng.reporters.JUnitReportReporter -->
<testsuite skipped="0" hostname="z-mac.local" name="com.saucedemo.BasicComponentsTest" tests="2" failures="0" timestamp="23 Jun 2022 02:37:15 GMT" time="14.219" errors="0">
  <testcase name="checkUserLandsOnTheRightWebsite" time="8.123" classname="com.saucedemo.BasicComponentsTest"/>
  <testcase name="checkPresenceOfLoginPageComponents" time="6.096" classname="com.saucedemo.BasicComponentsTest"/>
</testsuite> <!-- com.saucedemo.BasicComponentsTest -->
