<?xml version="1.0" encoding="UTF-8"?>
<!-- Generated by org.testng.reporters.JUnitReportReporter -->
<testsuite hostname="z-mac.local" failures="0" tests="1" name="com.saucedemo.LoginTest" time="8.842" errors="0" timestamp="23 Jun 2022 22:26:08 GMT" skipped="0">
  <testcase classname="com.saucedemo.LoginTest" name="loginWithInvalidUsername" time="8.842"/>
</testsuite> <!-- com.saucedemo.LoginTest -->
